<?xml version="1.0" encoding="UTF-8" ?>
<testsuite errors="1" failures="0" hostname="griffin568-Xubuntu" name="JoueurTest" skipped="0" tests="1" time="0.0" timestamp="2019-06-23T21:04:07">
  <properties>
[...]
</properties>
  <error message="JoueurTest" type="java.lang.ClassNotFoundException">java.lang.ClassNotFoundException: JoueurTest
	at java.net.URLClassLoader.findClass(URLClassLoader.java:382)
	at java.lang.ClassLoader.loadClass(ClassLoader.java:424)
	at sun.misc.Launcher$AppClassLoader.loadClass(Launcher.java:349)
	at java.lang.ClassLoader.loadClass(ClassLoader.java:357)
	at java.lang.Class.forName0(Native Method)
	at java.lang.Class.forName(Class.java:348)
</error>
  <system-out><![CDATA[]]></system-out>
  <system-err><![CDATA[]]></system-err>
</testsuite>
